2015-12-01 10:51:29,054 [Worker-23] INFO  o.e.m.c.i.p.ProjectConfigurationManager - Collecting project info '/pom.xml' D:\practice\JSPServlet\jsf-crud\pom.xml
2015-12-01 10:51:34,923 [Worker-23] INFO  o.e.m.c.i.l.LifecycleMappingFactory - Using org.eclipse.m2e.jdt.JarLifecycleMapping lifecycle mapping for MavenProject: com.yash:jsf-crud:0.0.1-SNAPSHOT @ D:\practice\JSPServlet\jsf-crud\pom.xml.
2015-12-01 10:51:36,973 [Worker-23] INFO  o.e.m.j.i.AbstractJavaProjectConfigurator - Adding source folder /jsf-crud/src/main/java
2015-12-01 10:51:36,988 [Worker-23] INFO  o.e.m.j.i.AbstractJavaProjectConfigurator - Adding source folder /jsf-crud/src/test/java
2015-12-01 10:51:37,121 [Worker-23] INFO  o.e.m.c.i.p.ProjectConfigurationManager - Imported and configured 1 project(s) in 8 sec
2015-12-01 10:51:37,575 [Worker-29] INFO  o.e.m.c.i.embedder.EclipseLogger - Using 'UTF-8' encoding to copy filtered resources.
2015-12-01 10:51:37,576 [Worker-29] INFO  o.e.m.c.i.embedder.EclipseLogger - skip non existing resourceDirectory D:\practice\JSPServlet\jsf-crud\src\main\resources
2015-12-01 10:51:37,578 [Worker-29] INFO  o.e.m.c.i.embedder.EclipseLogger - Using 'UTF-8' encoding to copy filtered resources.
2015-12-01 10:51:37,578 [Worker-29] INFO  o.e.m.c.i.embedder.EclipseLogger - skip non existing resourceDirectory D:\practice\JSPServlet\jsf-crud\src\test\resources
2015-12-01 10:54:52,776 [Worker-29] INFO  o.e.m.c.i.embedder.EclipseLogger - Using 'UTF-8' encoding to copy filtered resources.
2015-12-01 10:54:52,776 [Worker-29] INFO  o.e.m.c.i.embedder.EclipseLogger - skip non existing resourceDirectory D:\practice\JSPServlet\jsf-crud\src\main\resources
2015-12-01 10:54:52,778 [Worker-29] INFO  o.e.m.c.i.embedder.EclipseLogger - Using 'UTF-8' encoding to copy filtered resources.
2015-12-01 10:54:52,779 [Worker-29] INFO  o.e.m.c.i.embedder.EclipseLogger - skip non existing resourceDirectory D:\practice\JSPServlet\jsf-crud\src\test\resources
2015-12-01 10:54:53,077 [Worker-29] INFO  o.e.m.c.i.embedder.EclipseLogger - Using 'UTF-8' encoding to copy filtered resources.
2015-12-01 10:54:53,077 [Worker-29] INFO  o.e.m.c.i.embedder.EclipseLogger - skip non existing resourceDirectory D:\practice\JSPServlet\jsf-crud\src\main\resources
2015-12-01 10:54:53,079 [Worker-29] INFO  o.e.m.c.i.embedder.EclipseLogger - Using 'UTF-8' encoding to copy filtered resources.
2015-12-01 10:54:53,079 [Worker-29] INFO  o.e.m.c.i.embedder.EclipseLogger - skip non existing resourceDirectory D:\practice\JSPServlet\jsf-crud\src\test\resources
2015-12-01 10:55:44,233 [Worker-28] INFO  o.e.m.c.i.embedder.EclipseLogger - Using 'UTF-8' encoding to copy filtered resources.
2015-12-01 10:55:44,234 [Worker-28] INFO  o.e.m.c.i.embedder.EclipseLogger - skip non existing resourceDirectory D:\practice\JSPServlet\jsf-crud\src\main\resources
2015-12-01 10:55:44,235 [Worker-28] INFO  o.e.m.c.i.embedder.EclipseLogger - Using 'UTF-8' encoding to copy filtered resources.
2015-12-01 10:55:44,235 [Worker-28] INFO  o.e.m.c.i.embedder.EclipseLogger - skip non existing resourceDirectory D:\practice\JSPServlet\jsf-crud\src\test\resources
2015-12-01 10:57:17,358 [Worker-29] INFO  o.e.m.c.i.embedder.EclipseLogger - Using 'UTF-8' encoding to copy filtered resources.
2015-12-01 10:57:17,359 [Worker-29] INFO  o.e.m.c.i.embedder.EclipseLogger - skip non existing resourceDirectory D:\practice\JSPServlet\jsf-crud\src\main\resources
2015-12-01 10:57:17,362 [Worker-29] INFO  o.e.m.c.i.embedder.EclipseLogger - Using 'UTF-8' encoding to copy filtered resources.
2015-12-01 10:57:17,363 [Worker-29] INFO  o.e.m.c.i.embedder.EclipseLogger - skip non existing resourceDirectory D:\practice\JSPServlet\jsf-crud\src\test\resources
2015-12-01 10:57:19,350 [Worker-33] INFO  o.e.m.c.i.embedder.EclipseLogger - Using 'UTF-8' encoding to copy filtered resources.
2015-12-01 10:57:19,350 [Worker-33] INFO  o.e.m.c.i.embedder.EclipseLogger - skip non existing resourceDirectory D:\practice\JSPServlet\jsf-crud\src\main\resources
2015-12-01 10:57:19,357 [Worker-33] INFO  o.e.m.c.i.embedder.EclipseLogger - Using 'UTF-8' encoding to copy filtered resources.
2015-12-01 10:57:19,358 [Worker-33] INFO  o.e.m.c.i.embedder.EclipseLogger - skip non existing resourceDirectory D:\practice\JSPServlet\jsf-crud\src\test\resources
2015-12-01 10:58:11,521 [Worker-31] INFO  o.e.m.c.i.embedder.EclipseLogger - Using 'UTF-8' encoding to copy filtered resources.
2015-12-01 10:58:11,521 [Worker-31] INFO  o.e.m.c.i.embedder.EclipseLogger - skip non existing resourceDirectory D:\practice\JSPServlet\jsf-crud\src\main\resources
2015-12-01 10:58:11,522 [Worker-31] INFO  o.e.m.c.i.embedder.EclipseLogger - Using 'UTF-8' encoding to copy filtered resources.
2015-12-01 10:58:11,522 [Worker-31] INFO  o.e.m.c.i.embedder.EclipseLogger - skip non existing resourceDirectory D:\practice\JSPServlet\jsf-crud\src\test\resources
2015-12-01 10:58:15,649 [Worker-23] INFO  o.e.m.c.i.embedder.EclipseLogger - Using 'UTF-8' encoding to copy filtered resources.
2015-12-01 10:58:15,649 [Worker-23] INFO  o.e.m.c.i.embedder.EclipseLogger - skip non existing resourceDirectory D:\practice\JSPServlet\jsf-crud\src\main\resources
2015-12-01 10:58:15,651 [Worker-23] INFO  o.e.m.c.i.embedder.EclipseLogger - Using 'UTF-8' encoding to copy filtered resources.
2015-12-01 10:58:15,651 [Worker-23] INFO  o.e.m.c.i.embedder.EclipseLogger - skip non existing resourceDirectory D:\practice\JSPServlet\jsf-crud\src\test\resources
2015-12-01 11:01:32,941 [Worker-29] INFO  o.e.m.c.i.embedder.EclipseLogger - Using 'UTF-8' encoding to copy filtered resources.
2015-12-01 11:01:32,941 [Worker-29] INFO  o.e.m.c.i.embedder.EclipseLogger - skip non existing resourceDirectory D:\practice\JSPServlet\jsf-crud\src\main\resources
2015-12-01 11:01:32,942 [Worker-29] INFO  o.e.m.c.i.embedder.EclipseLogger - Using 'UTF-8' encoding to copy filtered resources.
2015-12-01 11:01:32,942 [Worker-29] INFO  o.e.m.c.i.embedder.EclipseLogger - skip non existing resourceDirectory D:\practice\JSPServlet\jsf-crud\src\test\resources
2015-12-01 11:01:43,729 [Worker-35] INFO  o.e.m.c.i.embedder.EclipseLogger - Using 'UTF-8' encoding to copy filtered resources.
2015-12-01 11:01:43,730 [Worker-35] INFO  o.e.m.c.i.embedder.EclipseLogger - skip non existing resourceDirectory D:\practice\JSPServlet\jsf-crud\src\main\resources
2015-12-01 11:01:43,735 [Worker-35] INFO  o.e.m.c.i.embedder.EclipseLogger - Using 'UTF-8' encoding to copy filtered resources.
2015-12-01 11:01:43,740 [Worker-35] INFO  o.e.m.c.i.embedder.EclipseLogger - skip non existing resourceDirectory D:\practice\JSPServlet\jsf-crud\src\test\resources
2015-12-01 11:08:20,652 [Worker-9] INFO  o.e.m.c.i.embedder.EclipseLogger - Using 'UTF-8' encoding to copy filtered resources.
2015-12-01 11:08:20,656 [Worker-9] INFO  o.e.m.c.i.embedder.EclipseLogger - skip non existing resourceDirectory D:\practice\JSPServlet\jsf-crud\src\main\resources
2015-12-01 11:08:20,660 [Worker-9] INFO  o.e.m.c.i.embedder.EclipseLogger - Using 'UTF-8' encoding to copy filtered resources.
2015-12-01 11:08:20,660 [Worker-9] INFO  o.e.m.c.i.embedder.EclipseLogger - skip non existing resourceDirectory D:\practice\JSPServlet\jsf-crud\src\test\resources
2015-12-01 11:17:22,282 [Worker-21] INFO  o.e.m.c.i.p.ProjectConfigurationManager - Collecting project info '/pom.xml' D:\practice\JSPServlet\crud-jsf-demo\pom.xml
2015-12-01 11:17:23,958 [Worker-21] INFO  o.e.m.c.i.l.LifecycleMappingFactory - Using org.eclipse.m2e.jdt.JarLifecycleMapping lifecycle mapping for MavenProject: com.yash:crud-jsf-demo:0.0.1-SNAPSHOT @ D:\practice\JSPServlet\crud-jsf-demo\pom.xml.
2015-12-01 11:17:25,305 [Worker-21] INFO  o.e.m.j.i.AbstractJavaProjectConfigurator - Adding source folder /crud-jsf-demo/src/main/java
2015-12-01 11:17:25,311 [Worker-21] INFO  o.e.m.j.i.AbstractJavaProjectConfigurator - Adding source folder /crud-jsf-demo/src/test/java
2015-12-01 11:17:25,470 [Worker-21] INFO  o.e.m.c.i.p.ProjectConfigurationManager - Imported and configured 1 project(s) in 3 sec
2015-12-01 11:17:26,232 [Worker-0] INFO  o.e.m.c.i.embedder.EclipseLogger - Using 'UTF-8' encoding to copy filtered resources.
2015-12-01 11:17:26,233 [Worker-0] INFO  o.e.m.c.i.embedder.EclipseLogger - skip non existing resourceDirectory D:\practice\JSPServlet\crud-jsf-demo\src\main\resources
2015-12-01 11:17:26,239 [Worker-0] INFO  o.e.m.c.i.embedder.EclipseLogger - Using 'UTF-8' encoding to copy filtered resources.
2015-12-01 11:17:26,241 [Worker-0] INFO  o.e.m.c.i.embedder.EclipseLogger - skip non existing resourceDirectory D:\practice\JSPServlet\crud-jsf-demo\src\test\resources
2015-12-01 11:17:32,867 [Worker-11] INFO  o.e.m.c.i.embedder.EclipseLogger - Using 'UTF-8' encoding to copy filtered resources.
2015-12-01 11:17:32,867 [Worker-11] INFO  o.e.m.c.i.embedder.EclipseLogger - skip non existing resourceDirectory D:\practice\JSPServlet\crud-jsf-demo\src\main\resources
2015-12-01 11:17:32,870 [Worker-11] INFO  o.e.m.c.i.embedder.EclipseLogger - Using 'UTF-8' encoding to copy filtered resources.
2015-12-01 11:17:32,870 [Worker-11] INFO  o.e.m.c.i.embedder.EclipseLogger - skip non existing resourceDirectory D:\practice\JSPServlet\crud-jsf-demo\src\test\resources
2015-12-01 11:17:44,846 [Worker-7] INFO  o.e.m.c.i.embedder.EclipseLogger - Using 'UTF-8' encoding to copy filtered resources.
2015-12-01 11:17:44,846 [Worker-7] INFO  o.e.m.c.i.embedder.EclipseLogger - skip non existing resourceDirectory D:\practice\JSPServlet\crud-jsf-demo\src\main\resources
2015-12-01 11:17:44,848 [Worker-7] INFO  o.e.m.c.i.embedder.EclipseLogger - Using 'UTF-8' encoding to copy filtered resources.
2015-12-01 11:17:44,848 [Worker-7] INFO  o.e.m.c.i.embedder.EclipseLogger - skip non existing resourceDirectory D:\practice\JSPServlet\crud-jsf-demo\src\test\resources
2015-12-01 11:17:47,162 [Worker-21] INFO  o.e.m.c.i.embedder.EclipseLogger - Using 'UTF-8' encoding to copy filtered resources.
2015-12-01 11:17:47,163 [Worker-21] INFO  o.e.m.c.i.embedder.EclipseLogger - skip non existing resourceDirectory D:\practice\JSPServlet\crud-jsf-demo\src\main\resources
2015-12-01 11:17:47,164 [Worker-21] INFO  o.e.m.c.i.embedder.EclipseLogger - Using 'UTF-8' encoding to copy filtered resources.
2015-12-01 11:17:47,165 [Worker-21] INFO  o.e.m.c.i.embedder.EclipseLogger - skip non existing resourceDirectory D:\practice\JSPServlet\crud-jsf-demo\src\test\resources
2015-12-01 11:18:07,294 [Worker-6] INFO  o.e.m.c.i.embedder.EclipseLogger - Using 'UTF-8' encoding to copy filtered resources.
2015-12-01 11:18:07,295 [Worker-6] INFO  o.e.m.c.i.embedder.EclipseLogger - skip non existing resourceDirectory D:\practice\JSPServlet\crud-jsf-demo\src\main\resources
2015-12-01 11:18:07,311 [Worker-6] INFO  o.e.m.c.i.embedder.EclipseLogger - Using 'UTF-8' encoding to copy filtered resources.
2015-12-01 11:18:07,311 [Worker-6] INFO  o.e.m.c.i.embedder.EclipseLogger - skip non existing resourceDirectory D:\practice\JSPServlet\crud-jsf-demo\src\test\resources
2015-12-01 11:18:20,089 [Worker-20] INFO  o.e.m.c.i.embedder.EclipseLogger - Using 'UTF-8' encoding to copy filtered resources.
2015-12-01 11:18:20,090 [Worker-20] INFO  o.e.m.c.i.embedder.EclipseLogger - skip non existing resourceDirectory D:\practice\JSPServlet\crud-jsf-demo\src\main\resources
2015-12-01 11:18:20,091 [Worker-20] INFO  o.e.m.c.i.embedder.EclipseLogger - Using 'UTF-8' encoding to copy filtered resources.
2015-12-01 11:18:20,092 [Worker-20] INFO  o.e.m.c.i.embedder.EclipseLogger - skip non existing resourceDirectory D:\practice\JSPServlet\crud-jsf-demo\src\test\resources
2015-12-01 11:18:32,185 [Worker-16] INFO  o.e.m.c.i.embedder.EclipseLogger - Using 'UTF-8' encoding to copy filtered resources.
2015-12-01 11:18:32,185 [Worker-16] INFO  o.e.m.c.i.embedder.EclipseLogger - skip non existing resourceDirectory D:\practice\JSPServlet\crud-jsf-demo\src\main\resources
2015-12-01 11:18:32,187 [Worker-16] INFO  o.e.m.c.i.embedder.EclipseLogger - Using 'UTF-8' encoding to copy filtered resources.
2015-12-01 11:18:32,187 [Worker-16] INFO  o.e.m.c.i.embedder.EclipseLogger - skip non existing resourceDirectory D:\practice\JSPServlet\crud-jsf-demo\src\test\resources
2015-12-01 11:20:08,846 [Worker-16] INFO  o.e.m.c.i.embedder.EclipseLogger - Using 'UTF-8' encoding to copy filtered resources.
2015-12-01 11:20:08,846 [Worker-16] INFO  o.e.m.c.i.embedder.EclipseLogger - skip non existing resourceDirectory D:\practice\JSPServlet\crud-jsf-demo\src\main\resources
2015-12-01 11:20:08,849 [Worker-16] INFO  o.e.m.c.i.embedder.EclipseLogger - Using 'UTF-8' encoding to copy filtered resources.
2015-12-01 11:20:08,849 [Worker-16] INFO  o.e.m.c.i.embedder.EclipseLogger - skip non existing resourceDirectory D:\practice\JSPServlet\crud-jsf-demo\src\test\resources
2015-12-01 11:26:08,072 [Worker-18] INFO  o.e.m.c.i.embedder.EclipseLogger - Using 'UTF-8' encoding to copy filtered resources.
2015-12-01 11:26:08,076 [Worker-18] INFO  o.e.m.c.i.embedder.EclipseLogger - skip non existing resourceDirectory D:\practice\JSPServlet\crud-jsf-demo\src\main\resources
2015-12-01 11:26:08,078 [Worker-18] INFO  o.e.m.c.i.embedder.EclipseLogger - Using 'UTF-8' encoding to copy filtered resources.
2015-12-01 11:26:08,079 [Worker-18] INFO  o.e.m.c.i.embedder.EclipseLogger - skip non existing resourceDirectory D:\practice\JSPServlet\crud-jsf-demo\src\test\resources
